<?xml version="1.0" encoding="UTF-8"?>
<!-- Generated by org.testng.reporters.JUnitXMLReporter -->
<testsuite hostname="DESKTOP-V50T9M9" ignored="0" name="Default test" tests="5" failures="0" timestamp="28 Mar 2017 20:16:23 GMT" time="54.595" errors="0">
  <testcase name="test1" time="11.222" classname="com.java.seleniumtutorials.Ten_PageScroll"/>
  <testcase name="scrollToBottom" time="11.259" classname="com.java.seleniumtutorials.Ten_PageScroll"/>
  <testcase name="scrollToElement" time="6.639" classname="com.java.seleniumtutorials.Ten_PageScroll"/>
  <testcase name="scrollByCoordinates" time="6.826" classname="com.java.seleniumtutorials.Ten_PageScroll"/>
  <testcase name="scrollByUsingKeys" time="6.184" classname="com.java.seleniumtutorials.Ten_PageScroll"/>
</testsuite> <!-- Default test -->
