<?xml version="1.0" encoding="UTF-8"?>
<!-- Generated by org.testng.reporters.JUnitXMLReporter -->
<testsuite hostname="DESKTOP-V50T9M9" ignored="5" tests="0" failures="0" timestamp="21 Mar 2017 19:04:26 GMT" time="0.016" errors="0">
  <testcase name="car1" time="0.0" classname="com.java.seleniumtutorials.Eight_Grouping">
    <ignored/>
  </testcase> <!-- car1 -->
  <testcase name="car2" time="0.0" classname="com.java.seleniumtutorials.Eight_Grouping">
    <ignored/>
  </testcase> <!-- car2 -->
  <testcase name="scooter1" time="0.0" classname="com.java.seleniumtutorials.Eight_Grouping">
    <ignored/>
  </testcase> <!-- scooter1 -->
  <testcase name="sedanCar" time="0.0" classname="com.java.seleniumtutorials.Eight_Grouping">
    <ignored/>
  </testcase> <!-- sedanCar -->
  <testcase name="scooter2" time="0.0" classname="com.java.seleniumtutorials.Eight_Grouping">
    <ignored/>
  </testcase> <!-- scooter2 -->
</testsuite>
